e:\datapro\微纳\code\qkdtrans_cmd\qkdtrans\debug\qkdtrans.pch
e:\datapro\微纳\code\qkdtrans_cmd\qkdtrans\debug\vc120.pdb
e:\datapro\微纳\code\qkdtrans_cmd\qkdtrans\debug\vc120.idb
e:\datapro\微纳\code\qkdtrans_cmd\qkdtrans\debug\stdafx.obj
e:\datapro\微纳\code\qkdtrans_cmd\qkdtrans\debug\dlgaddcommand.obj
e:\datapro\微纳\code\qkdtrans_cmd\qkdtrans\debug\dlgcommandsheet.obj
e:\datapro\微纳\code\qkdtrans_cmd\qkdtrans\debug\dlgrefreshsheet.obj
e:\datapro\微纳\code\qkdtrans_cmd\qkdtrans\debug\dyncombobox.obj
e:\datapro\微纳\code\qkdtrans_cmd\qkdtrans\debug\dynedit.obj
e:\datapro\微纳\code\qkdtrans_cmd\qkdtrans\debug\interface.obj
e:\datapro\微纳\code\qkdtrans_cmd\qkdtrans\debug\qkddisplay.obj
e:\datapro\微纳\code\qkdtrans_cmd\qkdtrans\debug\qkdtimer.obj
e:\datapro\微纳\code\qkdtrans_cmd\qkdtrans\debug\qkdtrans.obj
e:\datapro\微纳\code\qkdtrans_cmd\qkdtrans\debug\qkdtransdlg.obj
e:\datapro\微纳\code\qkdtrans_cmd\qkdtrans\debug\xml.obj
e:\datapro\微纳\code\qkdtrans_cmd\debug\qkdtrans.ilk
e:\datapro\微纳\code\qkdtrans_cmd\debug\qkdtrans.exe
e:\datapro\微纳\code\qkdtrans_cmd\debug\qkdtrans.pdb
e:\datapro\微纳\code\qkdtrans_cmd\qkdtrans\debug\qkdtrans.res
e:\datapro\微纳\code\qkdtrans_cmd\qkdtrans\debug\qkdtrans.tlog\cl.command.1.tlog
e:\datapro\微纳\code\qkdtrans_cmd\qkdtrans\debug\qkdtrans.tlog\cl.read.1.tlog
e:\datapro\微纳\code\qkdtrans_cmd\qkdtrans\debug\qkdtrans.tlog\cl.write.1.tlog
e:\datapro\微纳\code\qkdtrans_cmd\qkdtrans\debug\qkdtrans.tlog\link.command.1.tlog
e:\datapro\微纳\code\qkdtrans_cmd\qkdtrans\debug\qkdtrans.tlog\link.read.1.tlog
e:\datapro\微纳\code\qkdtrans_cmd\qkdtrans\debug\qkdtrans.tlog\link.write.1.tlog
e:\datapro\微纳\code\qkdtrans_cmd\qkdtrans\debug\qkdtrans.tlog\rc.command.1.tlog
e:\datapro\微纳\code\qkdtrans_cmd\qkdtrans\debug\qkdtrans.tlog\rc.read.1.tlog
e:\datapro\微纳\code\qkdtrans_cmd\qkdtrans\debug\qkdtrans.tlog\rc.write.1.tlog
