Build started 2019/8/16 14:48:05.
     1>Project "E:\datapro\微纳\code\QKDTrans_CMD\QKDTrans\QKDTrans.vcxproj" on node 2 (Build target(s)).
     1>ClCompile:
         D:\Program Files (x86)\Microsoft Visual Studio 12.0\VC\bin\CL.exe /c /I./libxml2/include /I./PCommLite/include /I./lua/include /ZI /nologo /W3 /WX- /sdl /Od /Oy- /D _CRT_SECURE_NO_WARNINGS /D WIN32 /D _WINDOWS /D _DEBUG /D _AFXDLL /Gm /EHsc /RTC1 /MDd /GS /fp:precise /Zc:wchar_t /Zc:forScope /Fo"Debug\\" /Fd"Debug\vc120.pdb" /Gd /TP /analyze- /errorReport:prompt DlgCommandSheet.cpp
         DlgCommandSheet.cpp
     1>e:\datapro\微纳\code\qkdtrans_cmd\qkdtrans\resource.h(13): warning C4005: 'IDCANCEL' : macro redefinition
                 c:\program files (x86)\windows kits\8.1\include\um\winuser.h(10563) : see previous definition of 'IDCANCEL'
     1>e:\datapro\微纳\code\qkdtrans_cmd\qkdtrans\dlgcommandsheet.cpp(79): warning C4018: '<' : signed/unsigned mismatch
     1>e:\datapro\微纳\code\qkdtrans_cmd\qkdtrans\dlgcommandsheet.cpp(197): warning C4101: 'pCmd1' : unreferenced local variable
     1>e:\datapro\微纳\code\qkdtrans_cmd\qkdtrans\dlgcommandsheet.cpp(197): warning C4101: 'pCmd' : unreferenced local variable
     1>e:\datapro\微纳\code\qkdtrans_cmd\qkdtrans\dlgcommandsheet.cpp(421): warning C4244: '=' : conversion from 'long' to 'unsigned char', possible loss of data
     1>e:\datapro\微纳\code\qkdtrans_cmd\qkdtrans\dlgcommandsheet.cpp(424): warning C4244: '=' : conversion from 'long' to 'unsigned char', possible loss of data
     1>e:\datapro\微纳\code\qkdtrans_cmd\qkdtrans\dlgcommandsheet.cpp(716): warning C4244: '=' : conversion from '__int64' to 'int', possible loss of data
     1>e:\datapro\微纳\code\qkdtrans_cmd\qkdtrans\dlgcommandsheet.cpp(1156): warning C4101: 'xw_header' : unreferenced local variable
     1>e:\datapro\微纳\code\qkdtrans_cmd\qkdtrans\dlgcommandsheet.cpp(1256): warning C4101: 'gps_time' : unreferenced local variable
     1>e:\datapro\微纳\code\qkdtrans_cmd\qkdtrans\dlgcommandsheet.cpp(1379): warning C4101: 'fileHeader_cnt_64B' : unreferenced local variable
     1>e:\datapro\微纳\code\qkdtrans_cmd\qkdtrans\dlgcommandsheet.cpp(1565): warning C4244: '+=' : conversion from 'double' to '__int64', possible loss of data
     1>e:\datapro\微纳\code\qkdtrans_cmd\qkdtrans\dlgcommandsheet.cpp(1568): warning C4244: '=' : conversion from 'double' to '__int64', possible loss of data
     1>e:\datapro\微纳\code\qkdtrans_cmd\qkdtrans\dlgcommandsheet.cpp(1579): warning C4244: '=' : conversion from 'long' to 'unsigned char', possible loss of data
     1>e:\datapro\微纳\code\qkdtrans_cmd\qkdtrans\dlgcommandsheet.cpp(1598): warning C4101: 'fp' : unreferenced local variable
     1>e:\datapro\微纳\code\qkdtrans_cmd\qkdtrans\dlgcommandsheet.cpp(1748): warning C4101: 'decimal' : unreferenced local variable
     1>e:\datapro\微纳\code\qkdtrans_cmd\qkdtrans\dlgcommandsheet.cpp(1748): warning C4101: 'in_num' : unreferenced local variable
     1>e:\datapro\微纳\code\qkdtrans_cmd\qkdtrans\dlgcommandsheet.cpp(1757): warning C4101: 'temp' : unreferenced local variable
     1>e:\datapro\微纳\code\qkdtrans_cmd\qkdtrans\dlgcommandsheet.cpp(1862): warning C4244: '=' : conversion from 'long' to 'unsigned char', possible loss of data
     1>e:\datapro\微纳\code\qkdtrans_cmd\qkdtrans\dlgcommandsheet.cpp(1901): warning C4244: '=' : conversion from 'long' to 'unsigned char', possible loss of data
     1>e:\datapro\微纳\code\qkdtrans_cmd\qkdtrans\dlgcommandsheet.cpp(1904): warning C4244: '=' : conversion from 'long' to 'unsigned char', possible loss of data
       Link:
         D:\Program Files (x86)\Microsoft Visual Studio 12.0\VC\bin\link.exe /ERRORREPORT:PROMPT /OUT:"E:\datapro\微纳\code\QKDTrans_CMD\Debug\QKDTrans.exe" /INCREMENTAL /NOLOGO /LIBPATH:./libxml2/lib /LIBPATH:./PCommLite/Lib/x86 /LIBPATH:./lua/lib libxml2.lib zdll.lib iconv.lib PCOMM.LIB lua52.lib /MANIFEST /MANIFESTUAC:"level='asInvoker' uiAccess='false'" /manifest:embed /manifestinput:"D:\Program Files (x86)\Microsoft Visual Studio 12.0\VC\Include\Manifest\dpiaware.manifest" /DEBUG /PDB:"E:\datapro\微纳\code\QKDTrans_CMD\Debug\QKDTrans.pdb" /SUBSYSTEM:WINDOWS /TLBID:1 /DYNAMICBASE /NXCOMPAT /IMPLIB:"E:\datapro\微纳\code\QKDTrans_CMD\Debug\QKDTrans.lib" /MACHINE:X86 Debug\QKDTrans.res
         Debug\DlgAddCommand.obj
         Debug\DlgCommandSheet.obj
         Debug\DlgRefreshSheet.obj
         Debug\DynComboBox.obj
         Debug\DynEdit.obj
         Debug\Interface.obj
         Debug\QKDDisplay.obj
         Debug\QKDTimer.obj
         Debug\QKDTrans.obj
         Debug\QKDTransDlg.obj
         Debug\stdafx.obj
         Debug\Xml.obj
         QKDTrans.vcxproj -> E:\datapro\微纳\code\QKDTrans_CMD\Debug\QKDTrans.exe
     1>Done Building Project "E:\datapro\微纳\code\QKDTrans_CMD\QKDTrans\QKDTrans.vcxproj" (Build target(s)).

Build succeeded.

Time Elapsed 00:00:03.64
